[2026-02-14 10:44:03] ============================================================
[2026-02-14 10:44:03] Queue filler starting up.
[2026-02-14 10:44:03] Playlist loaded: 20627 tracks.
[2026-02-14 10:44:03] Starting at position 12316: Marianne Und Michael - Wo Der Wildbach Rauscht.mp3
[2026-02-14 10:44:03] Appended to queue: Marianne Und Michael - Wo Der Wildbach Rauscht.mp3
[2026-02-14 10:44:03] Watching for signal file...
[2026-02-14 10:44:03] Signal detected. Adding track #12317: marie claire d'ubaldo - the rhythm is magic.mp3
[2026-02-14 10:44:03] Appended to queue: marie claire d'ubaldo - the rhythm is magic.mp3
[2026-02-14 10:44:03] Signal file deleted.
[2026-02-14 10:51:39] Signal detected. Adding track #12318: Marie Lloyd - Don't dilly dally on the way (The Cock Linnet Song).mp3
[2026-02-14 10:51:39] Appended to queue: Marie Lloyd - Don't dilly dally on the way (The Cock Linnet Song).mp3
[2026-02-14 10:51:39] Signal file deleted.
[2026-02-14 10:54:25] Signal detected. Adding track #12319: Marie N - I wanna (Song-Contest 2002).mp3
[2026-02-14 10:54:25] Appended to queue: Marie N - I wanna (Song-Contest 2002).mp3
[2026-02-14 10:54:25] Signal file deleted.
[2026-02-14 10:58:29] Signal detected. Adding track #12320: Mariha - It hurts.mp3
[2026-02-14 10:58:29] Appended to queue: Mariha - It hurts.mp3
[2026-02-14 10:58:29] Signal file deleted.
[2026-02-14 11:01:13] Signal detected. Adding track #12321: Marija Serifovic - Molitva.mp3
[2026-02-14 11:01:13] Appended to queue: Marija Serifovic - Molitva.mp3
[2026-02-14 11:01:13] Signal file deleted.
[2026-02-14 11:04:12] Signal detected. Adding track #12322: Marika Rökk - Ich brauche keine Millionen.mp3
[2026-02-14 11:04:12] Appended to queue: Marika Rökk - Ich brauche keine Millionen.mp3
[2026-02-14 11:04:12] Signal file deleted.
[2026-02-14 11:07:44] Signal detected. Adding track #12323: Marika Rökk - Laß doch mal den kleinen Otto ran.mp3
[2026-02-14 11:07:44] Appended to queue: Marika Rökk - Laß doch mal den kleinen Otto ran.mp3
[2026-02-14 11:07:44] Signal file deleted.
[2026-02-14 11:10:44] Signal detected. Adding track #12324: Marika Rökk - So schön wie heut', so müsst' es bleiben.mp3
[2026-02-14 11:10:44] Appended to queue: Marika Rökk - So schön wie heut', so müsst' es bleiben.mp3
[2026-02-14 11:10:44] Signal file deleted.
[2026-02-14 11:14:06] Signal detected. Adding track #12325: Marilyn Manson - I put a spell on you.mp3
[2026-02-14 11:14:06] Appended to queue: Marilyn Manson - I put a spell on you.mp3
[2026-02-14 11:14:06] Signal file deleted.
[2026-02-14 11:16:38] Signal detected. Adding track #12326: Marilyn Manson - Personal Jesus.mp3
[2026-02-14 11:16:38] Appended to queue: Marilyn Manson - Personal Jesus.mp3
[2026-02-14 11:16:38] Signal file deleted.
[2026-02-14 11:19:58] Signal detected. Adding track #12327: Marilyn Manson - Sweet Dreams (are made of this).mp3
[2026-02-14 11:19:58] Appended to queue: Marilyn Manson - Sweet Dreams (are made of this).mp3
[2026-02-14 11:19:58] Signal file deleted.
[2026-02-14 11:20:50] Signal detected. Adding track #12328: Marilyn Manson - The fight song.mp3
[2026-02-14 11:20:50] Appended to queue: Marilyn Manson - The fight song.mp3
[2026-02-14 11:20:50] Signal file deleted.
[2026-02-15 09:16:46] ============================================================
[2026-02-15 09:16:46] Queue filler starting up.
[2026-02-15 09:16:46] Playlist loaded: 20627 tracks.
[2026-02-15 09:16:46] Starting at position 19979: Wet Wet Wet - If only I could be with you.mp3
[2026-02-15 09:16:46] Appended to queue: Wet Wet Wet - If only I could be with you.mp3
[2026-02-15 09:16:46] Watching for signal file...
[2026-02-15 09:16:46] Signal detected. Adding track #19980: Wet Wet Wet - Julia says.mp3
[2026-02-15 09:16:46] Appended to queue: Wet Wet Wet - Julia says.mp3
[2026-02-15 09:16:46] Signal file deleted.
[2026-02-15 09:16:48] Signal detected. Adding track #19981: Wet Wet Wet - Love Is All Around.mp3
[2026-02-15 09:16:48] Appended to queue: Wet Wet Wet - Love Is All Around.mp3
[2026-02-15 09:16:48] Signal file deleted.
[2026-02-15 09:16:50] ============================================================
[2026-02-15 09:16:50] Queue filler starting up.
[2026-02-15 09:16:50] Playlist loaded: 20627 tracks.
[2026-02-15 09:16:50] Starting at position 8597: John Lennon - Mind games.mp3
[2026-02-15 09:16:50] Appended to queue: John Lennon - Mind games.mp3
[2026-02-15 09:16:50] Watching for signal file...
[2026-02-15 09:16:50] Signal detected. Adding track #8598: John Lennon - Mother (single edit).mp3
[2026-02-15 09:16:50] Appended to queue: John Lennon - Mother (single edit).mp3
[2026-02-15 09:16:50] Signal file deleted.
